2017-09-04 18:53:19,326 INFO o.a.j.u.JMeterUtils: Setting Locale to zh_CN
2017-09-04 18:53:19,348 INFO o.a.j.JMeter: Loading user properties from: /Users/convertlab-j/apache-jmeter-3.2/bin/user.properties
2017-09-04 18:53:19,350 INFO o.a.j.JMeter: Loading system properties from: /Users/convertlab-j/apache-jmeter-3.2/bin/system.properties
2017-09-04 18:53:19,359 INFO o.a.j.JMeter: Copyright (c) 1998-2017 The Apache Software Foundation
2017-09-04 18:53:19,359 INFO o.a.j.JMeter: Version 3.2 r1790748
2017-09-04 18:53:19,359 INFO o.a.j.JMeter: java.version=1.8.0_121
2017-09-04 18:53:19,359 INFO o.a.j.JMeter: java.vm.name=Java HotSpot(TM) 64-Bit Server VM
2017-09-04 18:53:19,359 INFO o.a.j.JMeter: os.name=Mac OS X
2017-09-04 18:53:19,359 INFO o.a.j.JMeter: os.arch=x86_64
2017-09-04 18:53:19,359 INFO o.a.j.JMeter: os.version=10.11.6
2017-09-04 18:53:19,359 INFO o.a.j.JMeter: file.encoding=UTF-8
2017-09-04 18:53:19,359 INFO o.a.j.JMeter: Max memory     =1908932608
2017-09-04 18:53:19,359 INFO o.a.j.JMeter: Available Processors =4
2017-09-04 18:53:19,367 INFO o.a.j.JMeter: Default Locale=中文 (中国)
2017-09-04 18:53:19,367 INFO o.a.j.JMeter: JMeter  Locale=中文 (中国)
2017-09-04 18:53:19,367 INFO o.a.j.JMeter: JMeterHome=/Users/convertlab-j/apache-jmeter-3.2
2017-09-04 18:53:19,367 INFO o.a.j.JMeter: user.dir  =/Users/convertlab-j/Documents/workspace/Case/jmeter-ant
2017-09-04 18:53:19,367 INFO o.a.j.JMeter: PWD       =/Users/convertlab-j/Documents/workspace/Case/jmeter-ant
2017-09-04 18:53:19,369 INFO o.a.j.JMeter: IP: 192.168.200.67 Name: oushiqiang.local FullName: 192.168.200.67
2017-09-04 18:53:19,370 INFO o.a.j.JMeter: Setting property 'jmeter.reportgenerator.outputdir' to:'/Users/convertlab-j/Documents/workspace/Case/jmeter-ant/output'
2017-09-04 18:53:19,375 INFO o.a.j.r.d.ReportGenerator: ReportGenerator will use for Parsing the separator: ','
2017-09-04 18:53:19,375 INFO o.a.j.r.d.ReportGenerator: Will only generate report from results file: /Users/convertlab-j/Documents/workspace/Case/jmeter-ant/result/result.jtl
2017-09-04 18:53:19,375 INFO o.a.j.r.d.ReportGenerator: Reading report generator properties from: /Users/convertlab-j/apache-jmeter-3.2/bin/reportgenerator.properties
2017-09-04 18:53:19,376 INFO o.a.j.r.d.ReportGenerator: Merging with JMeter properties
2017-09-04 18:53:19,382 INFO o.a.j.r.c.ReportGeneratorConfiguration: Property 'jmeter.reportgenerator.temp_dir' not found, using default value 'temp' instead.
2017-09-04 18:53:19,384 INFO o.a.j.r.c.ReportGeneratorConfiguration: Property 'jmeter.reportgenerator.apdex_per_transaction' not found, using default value 'null' instead.
2017-09-04 18:53:19,388 INFO o.a.j.r.c.ReportGeneratorConfiguration: apdex_per_transaction : {} is empty, not APDEX per transaction customization
2017-09-04 18:53:19,388 INFO o.a.j.r.c.ReportGeneratorConfiguration: Property 'jmeter.reportgenerator.sample_filter' not found, using default value 'null' instead.
2017-09-04 18:53:19,388 INFO o.a.j.r.c.ReportGeneratorConfiguration: Property 'jmeter.reportgenerator.report_title' not found, using default value 'null' instead.
2017-09-04 18:53:19,388 INFO o.a.j.r.c.ReportGeneratorConfiguration: Property 'jmeter.reportgenerator.start_date' not found, using default value 'null' instead.
2017-09-04 18:53:19,388 INFO o.a.j.r.c.ReportGeneratorConfiguration: Property 'jmeter.reportgenerator.end_date' not found, using default value 'null' instead.
2017-09-04 18:53:19,388 INFO o.a.j.r.c.ReportGeneratorConfiguration: Property 'jmeter.reportgenerator.date_format' not found, using default value 'null' instead.
2017-09-04 18:53:19,389 INFO o.a.j.r.c.ReportGeneratorConfiguration: Will use date range start date: null, end date: null
2017-09-04 18:53:19,394 INFO o.a.j.r.c.ReportGeneratorConfiguration: Property 'jmeter.reportgenerator.graph.activeThreadsOverTime.exclude_controllers' not found, using default value 'false' instead.
2017-09-04 18:53:19,395 INFO o.a.j.r.c.ReportGeneratorConfiguration: Property 'jmeter.reportgenerator.graph.timeVsThreads.exclude_controllers' not found, using default value 'false' instead.
2017-09-04 18:53:19,395 INFO o.a.j.r.c.ReportGeneratorConfiguration: Property 'jmeter.reportgenerator.graph.responseTimeDistribution.exclude_controllers' not found, using default value 'false' instead.
2017-09-04 18:53:19,395 INFO o.a.j.r.c.ReportGeneratorConfiguration: Property 'jmeter.reportgenerator.graph.transactionsPerSecond.exclude_controllers' not found, using default value 'false' instead.
2017-09-04 18:53:19,395 INFO o.a.j.r.c.ReportGeneratorConfiguration: Property 'jmeter.reportgenerator.graph.responseTimePercentiles.exclude_controllers' not found, using default value 'false' instead.
2017-09-04 18:53:19,395 INFO o.a.j.r.c.ReportGeneratorConfiguration: Property 'jmeter.reportgenerator.graph.responseTimePercentilesOverTime.exclude_controllers' not found, using default value 'false' instead.
2017-09-04 18:53:19,395 INFO o.a.j.r.c.ReportGeneratorConfiguration: Property 'jmeter.reportgenerator.graph.responseTimesOverTime.exclude_controllers' not found, using default value 'false' instead.
2017-09-04 18:53:19,396 INFO o.a.j.r.c.ReportGeneratorConfiguration: Property 'jmeter.reportgenerator.graph.connectTimeOverTime.exclude_controllers' not found, using default value 'false' instead.
2017-09-04 18:53:19,396 INFO o.a.j.r.c.ReportGeneratorConfiguration: Property 'jmeter.reportgenerator.graph.latenciesOverTime.exclude_controllers' not found, using default value 'false' instead.
2017-09-04 18:53:19,396 INFO o.a.j.r.c.ReportGeneratorConfiguration: Property 'jmeter.reportgenerator.exporter.html.filters_only_sample_series' not found, using default value 'true' instead.
2017-09-04 18:53:19,397 INFO o.a.j.r.c.ReportGeneratorConfiguration: Property 'jmeter.reportgenerator.exporter.html.series_filter' not found, using default value '' instead.
2017-09-04 18:53:19,397 INFO o.a.j.r.c.ReportGeneratorConfiguration: Property 'jmeter.reportgenerator.exporter.html.show_controllers_only' not found, using default value 'false' instead.
2017-09-04 18:53:19,555 INFO o.a.j.s.SaveService: Testplan (JMX) version: 2.2. Testlog (JTL) version: 2.2
2017-09-04 18:53:19,573 INFO o.a.j.s.SaveService: Using SaveService properties file encoding UTF-8
2017-09-04 18:53:19,580 INFO o.a.j.s.SaveService: Using SaveService properties version 3.2
2017-09-04 18:53:19,606 INFO o.a.j.r.p.NormalizerSampleConsumer: Using format, 'ms', to parse timeStamp field
2017-09-04 18:53:19,817 INFO o.a.j.r.p.AbstractSampleConsumer: class org.apache.jmeter.report.processor.AggregateConsumer#stopProducing(): beginDate produced 0 samples
2017-09-04 18:53:19,817 INFO o.a.j.r.p.AbstractSampleConsumer: class org.apache.jmeter.report.processor.AggregateConsumer#stopProducing(): endDate produced 0 samples
2017-09-04 18:53:19,819 INFO o.a.j.r.p.AbstractSampleConsumer: class org.apache.jmeter.report.processor.ApdexSummaryConsumer#stopProducing(): apdexSummary produced 0 samples
2017-09-04 18:53:19,819 INFO o.a.j.r.p.AbstractSampleConsumer: class org.apache.jmeter.report.processor.RequestsSummaryConsumer#stopProducing(): requestsSummary produced 0 samples
2017-09-04 18:53:19,825 INFO o.a.j.r.p.AbstractSampleConsumer: class org.apache.jmeter.report.processor.StatisticsSummaryConsumer#stopProducing(): statisticsSummary produced 0 samples
2017-09-04 18:53:19,827 INFO o.a.j.r.p.AbstractSampleConsumer: class org.apache.jmeter.report.processor.Top5ErrorsBySamplerConsumer#stopProducing(): top5ErrorsBySampler produced 0 samples
2017-09-04 18:53:19,827 INFO o.a.j.r.p.AbstractSampleConsumer: class org.apache.jmeter.report.processor.ErrorsSummaryConsumer#stopProducing(): errorsSummary produced 0 samples
2017-09-04 18:53:19,827 INFO o.a.j.r.p.AbstractSampleConsumer: class org.apache.jmeter.report.processor.graph.impl.HitsPerSecondGraphConsumer#stopProducing(): hitsPerSecond produced 0 samples
2017-09-04 18:53:19,855 INFO o.a.j.r.p.AbstractSampleConsumer: class org.apache.jmeter.report.processor.graph.impl.LatencyVSRequestGraphConsumer#stopProducing(): latencyVsRequest produced 0 samples
2017-09-04 18:53:19,856 INFO o.a.j.r.p.AbstractSampleConsumer: class org.apache.jmeter.report.processor.graph.impl.SyntheticResponseTimeDistributionGraphConsumer#stopProducing(): syntheticResponseTimeDistribution produced 0 samples
2017-09-04 18:53:19,856 INFO o.a.j.r.p.AbstractSampleConsumer: class org.apache.jmeter.report.processor.graph.impl.BytesThroughputGraphConsumer#stopProducing(): bytesThroughputOverTime produced 0 samples
2017-09-04 18:53:19,856 INFO o.a.j.r.p.AbstractSampleConsumer: class org.apache.jmeter.report.processor.graph.impl.CodesPerSecondGraphConsumer#stopProducing(): codesPerSecond produced 0 samples
2017-09-04 18:53:19,868 INFO o.a.j.r.p.AbstractSampleConsumer: class org.apache.jmeter.report.processor.graph.impl.ResponseTimeVSRequestGraphConsumer#stopProducing(): responseTimeVsRequest produced 0 samples
2017-09-04 18:53:19,869 INFO o.a.j.r.p.AbstractSampleConsumer: class org.apache.jmeter.report.processor.FilterConsumer#stopProducing(): startIntervalControlerFilter produced 2184 samples
2017-09-04 18:53:19,869 INFO o.a.j.r.p.AbstractSampleConsumer: class org.apache.jmeter.report.processor.graph.impl.ActiveThreadsGraphConsumer#stopProducing(): activeThreadsOverTime produced 0 samples
2017-09-04 18:53:19,869 INFO o.a.j.r.p.AbstractSampleConsumer: class org.apache.jmeter.report.processor.graph.impl.TimeVSThreadGraphConsumer#stopProducing(): timeVsThreads produced 0 samples
2017-09-04 18:53:19,869 INFO o.a.j.r.p.AbstractSampleConsumer: class org.apache.jmeter.report.processor.graph.impl.ResponseTimeDistributionGraphConsumer#stopProducing(): responseTimeDistribution produced 0 samples
2017-09-04 18:53:19,869 INFO o.a.j.r.p.AbstractSampleConsumer: class org.apache.jmeter.report.processor.graph.impl.TransactionsPerSecondGraphConsumer#stopProducing(): transactionsPerSecond produced 0 samples
2017-09-04 18:53:19,870 INFO o.a.j.r.p.AbstractSampleConsumer: class org.apache.jmeter.report.processor.graph.impl.ResponseTimePercentilesGraphConsumer#stopProducing(): responseTimePercentiles produced 0 samples
2017-09-04 18:53:19,871 INFO o.a.j.r.p.AbstractSampleConsumer: class org.apache.jmeter.report.processor.graph.impl.ResponseTimePercentilesOverTimeGraphConsumer#stopProducing(): responseTimePercentilesOverTime produced 0 samples
2017-09-04 18:53:19,872 INFO o.a.j.r.p.AbstractSampleConsumer: class org.apache.jmeter.report.processor.graph.impl.ResponseTimeOverTimeGraphConsumer#stopProducing(): responseTimesOverTime produced 0 samples
2017-09-04 18:53:19,872 INFO o.a.j.r.p.AbstractSampleConsumer: class org.apache.jmeter.report.processor.graph.impl.ConnectTimeOverTimeGraphConsumer#stopProducing(): connectTimeOverTime produced 0 samples
2017-09-04 18:53:19,872 INFO o.a.j.r.p.AbstractSampleConsumer: class org.apache.jmeter.report.processor.graph.impl.LatencyOverTimeGraphConsumer#stopProducing(): latenciesOverTime produced 0 samples
2017-09-04 18:53:19,873 INFO o.a.j.r.p.AbstractSampleConsumer: class org.apache.jmeter.report.processor.FilterConsumer#stopProducing(): nameFilter produced 4368 samples
2017-09-04 18:53:19,873 INFO o.a.j.r.p.AbstractSampleConsumer: class org.apache.jmeter.report.processor.FilterConsumer#stopProducing(): dateRangeFilter produced 936 samples
2017-09-04 18:53:19,873 INFO o.a.j.r.p.AbstractSampleConsumer: class org.apache.jmeter.report.processor.NormalizerSampleConsumer#stopProducing(): normalizer produced 312 samples
2017-09-04 18:53:19,874 INFO o.a.j.r.p.CsvFileSampleSource: produce(): 312 samples produced in 230ms on channel 0
2017-09-04 18:53:19,874 INFO o.a.j.r.d.ReportGenerator: Exporting data using exporter:'html' of className:'org.apache.jmeter.report.dashboard.HtmlTemplateExporter'
2017-09-04 18:53:19,878 INFO o.a.j.r.d.HtmlTemplateExporter: Will generate dashboard in folder: /Users/convertlab-j/Documents/workspace/Case/jmeter-ant/output
2017-09-04 18:53:19,974 INFO o.a.j.r.d.HtmlTemplateExporter: Report will be generated in: /Users/convertlab-j/Documents/workspace/Case/jmeter-ant/output, creating folder structure
